<?xml version="1.0" encoding="UTF-8"?>
<testsuite name="CardTest" tests="4" skipped="0" failures="0" errors="0" timestamp="2016-04-28T18:23:20" hostname="epicodus-59.local" time="0.001">
  <properties/>
  <testcase name="cardNameReturn_String" classname="CardTest" time="0.001"/>
  <testcase name="cardSuitReturn_String" classname="CardTest" time="0.0"/>
  <testcase name="cardInstantiates_true" classname="CardTest" time="0.0"/>
  <testcase name="cardValReturn_String" classname="CardTest" time="0.0"/>
  <system-out><![CDATA[]]></system-out>
  <system-err><![CDATA[]]></system-err>
</testsuite>
